<?xml version="1.0" encoding="UTF-8"?>
<!-- Generated by org.testng.reporters.JUnitReportReporter -->
<testsuite hostname="DESKTOP-0F0VSPQ" failures="0" tests="5" name="pom_tests.PizzaHutOrderFlowTestCases" time="46.293" errors="0" timestamp="26 Aug 2023 12:31:19 GMT" skipped="0">
  <testcase classname="pom_tests.PizzaHutOrderFlowTestCases" name="validateDealsPageURL" time="12.471"/>
  <testcase classname="pom_tests.PizzaHutOrderFlowTestCases" name="addSideItemToCart" time="8.097"/>
  <testcase classname="pom_tests.PizzaHutOrderFlowTestCases" name="addDrinksToCart" time="5.729"/>
  <testcase classname="pom_tests.PizzaHutOrderFlowTestCases" name="navigateToCheckout" time="12.315"/>
  <testcase classname="pom_tests.PizzaHutOrderFlowTestCases" name="applyGiftCard" time="7.681"/>
</testsuite> <!-- pom_tests.PizzaHutOrderFlowTestCases -->
