<?xml version="1.0" encoding="UTF-8"?>
<!-- Generated by org.testng.reporters.JUnitReportReporter -->
<testsuite hostname="DESKTOP-0F0VSPQ" failures="0" tests="1" name="pom_tests.AutomationTestCases" time="7.772" errors="0" timestamp="13 Aug 2023 16:43:51 GMT" skipped="0">
  <testcase classname="pom_tests.AutomationTestCases" name="TC1" time="7.772"/>
</testsuite> <!-- pom_tests.AutomationTestCases -->
